<?xml version="1.0" encoding="UTF-8"?>
<!-- Generated by org.testng.reporters.JUnitReportReporter -->
<testsuite hostname="pushpa-PC" name="utility.TestingLog4j" tests="1" failures="0" timestamp="21 Aug 2018 10:13:57 GMT" time="32.176" errors="0">
  <testcase name="testlogs" time="32.176" classname="utility.TestingLog4j"/>
</testsuite> <!-- utility.TestingLog4j -->
