<?xml version="1.0" encoding="UTF-8"?>
<!-- Generated by org.testng.reporters.JUnitReportReporter -->
<testsuite hostname="pushpa-PC" name="testcases.Place_Order" tests="1" failures="0" timestamp="22 Aug 2018 11:41:24 GMT" time="33.633" errors="0">
  <testcase name="main" time="33.633" classname="testcases.Place_Order"/>
</testsuite> <!-- testcases.Place_Order -->
