<?xml version="1.0" encoding="UTF-8"?>
<!-- Generated by org.testng.reporters.JUnitReportReporter -->
<testsuite hostname="pushpa-PC" name="testcases.CreateAnAccount_TC_exe" tests="1" failures="0" timestamp="22 Aug 2018 04:51:43 GMT" time="105.559" errors="0">
  <testcase name="main" time="105.559" classname="testcases.CreateAnAccount_TC_exe"/>
</testsuite> <!-- testcases.CreateAnAccount_TC_exe -->
