<?xml version="1.0" encoding="UTF-8"?>
<!-- Generated by org.testng.reporters.JUnitReportReporter -->
<testsuite hostname="pushpa-PC" name="testcases.Blank_CreateAnAccount_TC" tests="1" failures="0" timestamp="21 Aug 2018 13:05:03 GMT" time="62.160" errors="0">
  <testcase name="main" time="62.160" classname="testcases.Blank_CreateAnAccount_TC"/>
</testsuite> <!-- testcases.Blank_CreateAnAccount_TC -->
